#
# There is insufficient memory for the Java Runtime Environment to continue.
# Native memory allocation (malloc) failed to allocate 40416 bytes for Chunk::new
# Possible reasons:
#   The system is out of physical RAM or swap space
#   In 32 bit mode, the process size limit was hit
# Possible solutions:
#   Reduce memory load on the system
#   Increase physical memory or swap space
#   Check if swap backing store is full
#   Use 64 bit Java on a 64 bit OS
#   Decrease Java heap size (-Xmx/-Xms)
#   Decrease number of Java threads
#   Decrease Java thread stack sizes (-Xss)
#   Set larger code cache with -XX:ReservedCodeCacheSize=
# This output file may be truncated or incomplete.
#
#  Out of Memory Error (allocation.cpp:390), pid=16672, tid=0x0000000000004868
#
# JRE version: Java(TM) SE Runtime Environment (8.0_181-b13) (build 1.8.0_181-b13)
# Java VM: Java HotSpot(TM) 64-Bit Server VM (25.181-b13 mixed mode windows-amd64 compressed oops)
# Failed to write core dump. Minidumps are not enabled by default on client versions of Windows
#

---------------  T H R E A D  ---------------

Current thread (0x000000001487a800):  JavaThread "C2 CompilerThread0" daemon [_thread_in_native, id=18536, stack(0x00000000158e0000,0x00000000159e0000)]

Stack: [0x00000000158e0000,0x00000000159e0000]
[error occurred during error reporting (printing stack bounds), id 0xc0000005]

Native frames: (J=compiled Java code, j=interpreted, Vv=VM code, C=native code)


Current CompileTask:
C2:   2372  575       4       sun.nio.cs.UTF_8$Encoder::encode (359 bytes)


---------------  P R O C E S S  ---------------

Java Threads: ( => current thread )
  0x000000001c337000 JavaThread "Abandoned connection cleanup thread" daemon [_thread_blocked, id=14880, stack(0x000000001d4c0000,0x000000001d5c0000)]
  0x000000001c335000 JavaThread "D3D Screen Updater" daemon [_thread_blocked, id=4932, stack(0x000000001d3c0000,0x000000001d4c0000)]
  0x00000000160b6000 JavaThread "Image Fetcher 0" daemon [_thread_blocked, id=18960, stack(0x000000001cbc0000,0x000000001ccc0000)]
  0x00000000160a8000 JavaThread "AWT-EventQueue-0" [_thread_in_vm, id=6684, stack(0x000000001cac0000,0x000000001cbc0000)]
  0x0000000016026800 JavaThread "AWT-Windows" daemon [_thread_in_native, id=18712, stack(0x0000000016450000,0x0000000016550000)]
  0x000000001600c000 JavaThread "AWT-Shutdown" [_thread_blocked, id=18060, stack(0x0000000016350000,0x0000000016450000)]
  0x000000001600b800 JavaThread "Java2D Disposer" daemon [_thread_blocked, id=5056, stack(0x0000000016250000,0x0000000016350000)]
  0x00000000148dd000 JavaThread "Service Thread" daemon [_thread_blocked, id=18904, stack(0x0000000015ae0000,0x0000000015be0000)]
  0x00000000148d6800 JavaThread "C1 CompilerThread1" daemon [_thread_blocked, id=1660, stack(0x00000000159e0000,0x0000000015ae0000)]
=>0x000000001487a800 JavaThread "C2 CompilerThread0" daemon [_thread_in_native, id=18536, stack(0x00000000158e0000,0x00000000159e0000)]
  0x0000000014879800 JavaThread "Attach Listener" daemon [_thread_blocked, id=17504, stack(0x00000000157e0000,0x00000000158e0000)]
  0x0000000014876000 JavaThread "Signal Dispatcher" daemon [_thread_blocked, id=19152, stack(0x00000000156e0000,0x00000000157e0000)]
  0x0000000014868800 JavaThread "Finalizer" daemon [_thread_blocked, id=19080, stack(0x00000000154c0000,0x00000000155c0000)]
  0x00000000024e1000 JavaThread "Reference Handler" daemon [_thread_blocked, id=9336, stack(0x00000000153c0000,0x00000000154c0000)]
  0x000000000097e000 JavaThread "main" [_thread_in_vm, id=14904, stack(0x0000000002280000,0x0000000002380000)]

Other Threads:
  0x0000000014846800 VMThread [stack: 0x00000000152c0000,0x00000000153c0000] [id=4128]
  0x00000000148df800 WatcherThread [stack: 0x0000000015be0000,0x0000000015ce0000] [id=3192]

VM state:not at safepoint (normal execution)

VM Mutex/Monitor currently owned by a thread: None

Heap:
 PSYoungGen      total 18944K, used 9122K [0x00000000eb400000, 0x00000000ec900000, 0x0000000100000000)
  eden space 16384K, 55% used [0x00000000eb400000,0x00000000ebce89c8,0x00000000ec400000)
  from space 2560K, 0% used [0x00000000ec680000,0x00000000ec680000,0x00000000ec900000)
  to   space 2560K, 0% used [0x00000000ec400000,0x00000000ec400000,0x00000000ec680000)
 ParOldGen       total 44032K, used 0K [0x00000000c1c00000, 0x00000000c4700000, 0x00000000eb400000)
  object space 44032K, 0% used [0x00000000c1c00000,0x00000000c1c00000,0x00000000c4700000)
 Metaspace       used 11750K, capacity 11992K, committed 12160K, reserved 1060864K
  class space    used 1534K, capacity 1620K, committed 1664K, reserved 1048576K

Card table byte_map: [0x00000000118b0000,0x0000000011ab0000] byte_map_base: 0x00000000112a2000

Marking Bits: (ParMarkBitMap*) 0x0000000050e52d00
 Begin Bits: [0x0000000011e00000, 0x0000000012d90000)
 End Bits:   [0x0000000012d90000, 0x0000000013d20000)

Polling page: 0x0000000000520000

CodeCache: size=245760Kb used=2312Kb max_used=2312Kb free=243447Kb
 bounds [0x00000000024f0000, 0x0000000002760000, 0x00000000114f0000]
 total_blobs=1078 nmethods=574 adapters=418
 compilation: enabled

Compilation events (10 events):
Event: 2.340 Thread 0x00000000148d6800 nmethod 567 0x000000000272e3d0 code [0x000000000272e640, 0x000000000272f6f8]
Event: 2.340 Thread 0x00000000148d6800  568       1       com.mysql.cj.conf.PropertyKey::getKeyName (5 bytes)
Event: 2.340 Thread 0x00000000148d6800 nmethod 568 0x000000000272fd90 code [0x000000000272fee0, 0x000000000272fff0]
Event: 2.341 Thread 0x00000000148d6800  569       3       java.lang.String::regionMatches (149 bytes)
Event: 2.342 Thread 0x00000000148d6800 nmethod 569 0x0000000002730050 code [0x00000000027302a0, 0x0000000002730f58]
Event: 2.342 Thread 0x00000000148d6800  570       1       com.mysql.cj.conf.PropertyKey::getCcAlias (5 bytes)
Event: 2.342 Thread 0x00000000148d6800 nmethod 570 0x00000000027318d0 code [0x0000000002731a20, 0x0000000002731b30]
Event: 2.347 Thread 0x00000000148d6800  571       1       com.mysql.cj.conf.AbstractPropertyDefinition::getPropertyKey (5 bytes)
Event: 2.347 Thread 0x00000000148d6800 nmethod 571 0x0000000002732010 code [0x0000000002732160, 0x0000000002732270]
Event: 2.367 Thread 0x000000001487a800  575       4       sun.nio.cs.UTF_8$Encoder::encode (359 bytes)

GC Heap History (0 events):
No events

Deoptimization events (0 events):
No events

Classes redefined (0 events):
No events

Internal exceptions (10 events):
Event: 0.193 Thread 0x000000000097e000 Exception <a 'java/lang/NoSuchMethodError': Method sun.misc.Unsafe.defineClass(Ljava/lang/String;[BII)Ljava/lang/Class; name or signature does not match> (0x00000000eb407cb0) thrown at [C:\re\workspace\8-2-build-windows-amd64-cygwin\jdk8u181\11358\hotspot
Event: 0.193 Thread 0x000000000097e000 Exception <a 'java/lang/NoSuchMethodError': Method sun.misc.Unsafe.prefetchRead(Ljava/lang/Object;J)V name or signature does not match> (0x00000000eb407f98) thrown at [C:\re\workspace\8-2-build-windows-amd64-cygwin\jdk8u181\11358\hotspot\src\share\vm\prim
Event: 0.374 Thread 0x000000000097e000 Exception <a 'java/security/PrivilegedActionException'> (0x00000000eb4960f0) thrown at [C:\re\workspace\8-2-build-windows-amd64-cygwin\jdk8u181\11358\hotspot\src\share\vm\prims\jvm.cpp, line 1435]
Event: 0.374 Thread 0x000000000097e000 Exception <a 'java/security/PrivilegedActionException'> (0x00000000eb496300) thrown at [C:\re\workspace\8-2-build-windows-amd64-cygwin\jdk8u181\11358\hotspot\src\share\vm\prims\jvm.cpp, line 1435]
Event: 0.377 Thread 0x000000000097e000 Exception <a 'java/security/PrivilegedActionException'> (0x00000000eb499f70) thrown at [C:\re\workspace\8-2-build-windows-amd64-cygwin\jdk8u181\11358\hotspot\src\share\vm\prims\jvm.cpp, line 1435]
Event: 0.377 Thread 0x000000000097e000 Exception <a 'java/security/PrivilegedActionException'> (0x00000000eb49a180) thrown at [C:\re\workspace\8-2-build-windows-amd64-cygwin\jdk8u181\11358\hotspot\src\share\vm\prims\jvm.cpp, line 1435]
Event: 0.394 Thread 0x000000000097e000 Exception <a 'java/io/FileNotFoundException'> (0x00000000eb49cb98) thrown at [C:\re\workspace\8-2-build-windows-amd64-cygwin\jdk8u181\11358\hotspot\src\share\vm\prims\jni.cpp, line 709]
Event: 0.734 Thread 0x000000000097e000 Exception <a 'java/lang/NoSuchFieldError': method resolution failed> (0x00000000eb5bf8a0) thrown at [C:\re\workspace\8-2-build-windows-amd64-cygwin\jdk8u181\11358\hotspot\src\share\vm\prims\methodHandles.cpp, line 1167]
Event: 0.747 Thread 0x000000000097e000 Exception <a 'java/lang/NoSuchFieldError': method resolution failed> (0x00000000eb5ccbf0) thrown at [C:\re\workspace\8-2-build-windows-amd64-cygwin\jdk8u181\11358\hotspot\src\share\vm\prims\methodHandles.cpp, line 1167]
Event: 0.895 Thread 0x000000000097e000 Exception <a 'java/io/FileNotFoundException'> (0x00000000eb682b70) thrown at [C:\re\workspace\8-2-build-windows-amd64-cygwin\jdk8u181\11358\hotspot\src\share\vm\prims\jni.cpp, line 709]

Events (10 events):
Event: 2.356 loading class java/awt/KeyboardFocusManager$3
Event: 2.356 loading class java/awt/KeyboardFocusManager$3 done
Event: 2.358 loading class javax/swing/text/JTextComponent$InputMethodRequestsHandler
Event: 2.359 loading class javax/swing/text/JTextComponent$InputMethodRequestsHandler done
Event: 2.362 loading class com/mysql/cj/conf/AbstractRuntimeProperty
Event: 2.362 loading class com/mysql/cj/conf/AbstractRuntimeProperty done
Event: 2.364 loading class com/mysql/cj/exceptions/PropertyNotModifiableException
Event: 2.364 loading class com/mysql/cj/exceptions/PropertyNotModifiableException done
Event: 2.366 loading class com/mysql/cj/conf/BooleanProperty
Event: 2.366 loading class com/mysql/cj/conf/BooleanProperty done


Dynamic libraries:
0x00007ff71c440000 - 0x00007ff71c477000 	C:\Program Files\Java\jre1.8.0_181\bin\javaw.exe
0x00007ff90ab30000 - 0x00007ff90ad11000 	C:\WINDOWS\SYSTEM32\ntdll.dll
0x00007ff908120000 - 0x00007ff9081d2000 	C:\WINDOWS\System32\KERNEL32.DLL
0x00007ff907d40000 - 0x00007ff907fb3000 	C:\WINDOWS\System32\KERNELBASE.dll
0x00007ff90a2e0000 - 0x00007ff90a381000 	C:\WINDOWS\System32\ADVAPI32.dll
0x00007ff909f10000 - 0x00007ff909fae000 	C:\WINDOWS\System32\msvcrt.dll
0x00007ff90a960000 - 0x00007ff90a9bb000 	C:\WINDOWS\System32\sechost.dll
0x00007ff90a1b0000 - 0x00007ff90a2d4000 	C:\WINDOWS\System32\RPCRT4.dll
0x00007ff909d50000 - 0x00007ff909ee0000 	C:\WINDOWS\System32\USER32.dll
0x00007ff907cc0000 - 0x00007ff907ce0000 	C:\WINDOWS\System32\win32u.dll
0x00007ff90a840000 - 0x00007ff90a868000 	C:\WINDOWS\System32\GDI32.dll
0x00007ff907b20000 - 0x00007ff907cb2000 	C:\WINDOWS\System32\gdi32full.dll
0x00007ff906f00000 - 0x00007ff906f9f000 	C:\WINDOWS\System32\msvcp_win.dll
0x00007ff907780000 - 0x00007ff90787a000 	C:\WINDOWS\System32\ucrtbase.dll
0x00007ff8fd7e0000 - 0x00007ff8fda49000 	C:\WINDOWS\WinSxS\amd64_microsoft.windows.common-controls_6595b64144ccf1df_6.0.17134.407_none_fb449d63306391e9\COMCTL32.dll
0x00007ff90a390000 - 0x00007ff90a6b2000 	C:\WINDOWS\System32\combase.dll
0x00007ff9076b0000 - 0x00007ff90772a000 	C:\WINDOWS\System32\bcryptPrimitives.dll
0x00007ff908380000 - 0x00007ff9083ad000 	C:\WINDOWS\System32\IMM32.DLL
0x0000000050520000 - 0x00000000505f2000 	C:\Program Files\Java\jre1.8.0_181\bin\msvcr100.dll
0x0000000050630000 - 0x0000000050ed2000 	C:\Program Files\Java\jre1.8.0_181\bin\server\jvm.dll
0x00007ff909d40000 - 0x00007ff909d48000 	C:\WINDOWS\System32\PSAPI.DLL
0x00007ff903700000 - 0x00007ff903709000 	C:\WINDOWS\SYSTEM32\WSOCK32.dll
0x00007ff8fb230000 - 0x00007ff8fb253000 	C:\WINDOWS\SYSTEM32\WINMM.dll
0x00007ff9081e0000 - 0x00007ff90824c000 	C:\WINDOWS\System32\WS2_32.dll
0x00007ff8fedf0000 - 0x00007ff8fedfa000 	C:\WINDOWS\SYSTEM32\VERSION.dll
0x00007ff8fb1d0000 - 0x00007ff8fb1fa000 	C:\WINDOWS\SYSTEM32\WINMMBASE.dll
0x00007ff907730000 - 0x00007ff907779000 	C:\WINDOWS\System32\cfgmgr32.dll
0x0000000053050000 - 0x000000005305f000 	C:\Program Files\Java\jre1.8.0_181\bin\verify.dll
0x0000000053020000 - 0x0000000053049000 	C:\Program Files\Java\jre1.8.0_181\bin\java.dll
0x0000000053000000 - 0x0000000053016000 	C:\Program Files\Java\jre1.8.0_181\bin\zip.dll
0x00007ff908450000 - 0x00007ff90988f000 	C:\WINDOWS\System32\SHELL32.dll
0x00007ff908250000 - 0x00007ff9082f9000 	C:\WINDOWS\System32\shcore.dll
0x00007ff906fa0000 - 0x00007ff9076ad000 	C:\WINDOWS\System32\windows.storage.dll
0x00007ff909ce0000 - 0x00007ff909d31000 	C:\WINDOWS\System32\shlwapi.dll
0x00007ff906ee0000 - 0x00007ff906ef1000 	C:\WINDOWS\System32\kernel.appcore.dll
0x00007ff906e50000 - 0x00007ff906e6f000 	C:\WINDOWS\System32\profapi.dll
0x00007ff906e70000 - 0x00007ff906ebc000 	C:\WINDOWS\System32\powrprof.dll
0x00007ff906e40000 - 0x00007ff906e4a000 	C:\WINDOWS\System32\FLTLIB.DLL
0x0000000050fa0000 - 0x0000000051139000 	C:\Program Files\Java\jre1.8.0_181\bin\awt.dll
0x00007ff90aa30000 - 0x00007ff90aaf2000 	C:\WINDOWS\System32\OLEAUT32.dll
0x00007ff9050e0000 - 0x00007ff90516b000 	C:\WINDOWS\SYSTEM32\apphelp.dll
0x00007ff9054f0000 - 0x00007ff905588000 	C:\WINDOWS\system32\uxtheme.dll
0x00007ff90a6c0000 - 0x00007ff90a833000 	C:\WINDOWS\System32\MSCTF.dll
0x00007ff9055d0000 - 0x00007ff9055f9000 	C:\WINDOWS\system32\dwmapi.dll
0x00007ff907fc0000 - 0x00007ff908111000 	C:\WINDOWS\System32\ole32.dll
0x00007ff8e1220000 - 0x00007ff8e1340000 	C:\WINDOWS\system32\opengl32.dll
0x00007ff8f7a30000 - 0x00007ff8f7a5c000 	C:\WINDOWS\SYSTEM32\GLU32.dll
0x00007ff8cbdb0000 - 0x00007ff8cbf47000 	C:\WINDOWS\system32\d3d9.dll
0x00007ff8f8fa0000 - 0x00007ff8f9121000 	C:\WINDOWS\System32\DriverStore\FileRepository\c0312549.inf_amd64_d0c053e57e0c1fd8\aticfx64.dll
0x00007ff8f5bc0000 - 0x00007ff8f5be9000 	C:\WINDOWS\System32\DriverStore\FileRepository\c0312549.inf_amd64_d0c053e57e0c1fd8\atiu9p64.dll
0x00007ff8cd530000 - 0x00007ff8cdfe9000 	C:\WINDOWS\System32\DriverStore\FileRepository\c0312549.inf_amd64_d0c053e57e0c1fd8\atiumd64.dll
0x0000000052400000 - 0x0000000052f64000 	C:\WINDOWS\System32\DriverStore\FileRepository\c0312549.inf_amd64_d0c053e57e0c1fd8\atiumd6a.dll
0x00000000512a0000 - 0x00000000512e7000 	C:\Program Files\Java\jre1.8.0_181\bin\fontmanager.dll
0x0000000052fe0000 - 0x0000000052ffa000 	C:\Program Files\Java\jre1.8.0_181\bin\net.dll
0x00007ff906660000 - 0x00007ff9066c6000 	C:\WINDOWS\system32\mswsock.dll
0x0000000052fc0000 - 0x0000000052fd1000 	C:\Program Files\Java\jre1.8.0_181\bin\nio.dll
0x00007ff9083b0000 - 0x00007ff908450000 	C:\WINDOWS\System32\clbcatq.dll
0x00007ff9051d0000 - 0x00007ff90537e000 	C:\WINDOWS\SYSTEM32\WindowsCodecs.dll
0x00007ff9009f0000 - 0x00007ff900a48000 	C:\WINDOWS\system32\dataexchange.dll
0x00007ff903c20000 - 0x00007ff903f2b000 	C:\WINDOWS\system32\d3d11.dll
0x00007ff905c00000 - 0x00007ff905cbb000 	C:\WINDOWS\system32\dxgi.dll
0x00007ff904940000 - 0x00007ff904adc000 	C:\WINDOWS\system32\dcomp.dll
0x00007ff905760000 - 0x00007ff905918000 	C:\WINDOWS\system32\twinapi.appcore.dll
0x00007ff9056b0000 - 0x00007ff9056d1000 	C:\WINDOWS\system32\RMCLIENT.dll
0x00007ff8fab10000 - 0x00007ff8faba6000 	C:\WINDOWS\System32\TextInputFramework.dll
0x00007ff904ae0000 - 0x00007ff904bba000 	C:\WINDOWS\System32\CoreMessaging.dll
0x00007ff8fa770000 - 0x00007ff8faa8e000 	C:\WINDOWS\System32\CoreUIComponents.dll
0x00007ff905f60000 - 0x00007ff905f91000 	C:\WINDOWS\SYSTEM32\ntmarta.dll
0x00007ff9035b0000 - 0x00007ff9036fd000 	C:\WINDOWS\SYSTEM32\wintypes.dll
0x0000000050f50000 - 0x0000000050f92000 	C:\Program Files\Java\jre1.8.0_181\bin\t2k.dll

VM Arguments:
jvm_args: -Dfile.encoding=Cp1252 
java_command: Main
java_class_path (initial): C:\Program Files\Java\jre1.8.0_181\lib\resources.jar;C:\Program Files\Java\jre1.8.0_181\lib\rt.jar;C:\Program Files\Java\jre1.8.0_181\lib\jsse.jar;C:\Program Files\Java\jre1.8.0_181\lib\jce.jar;C:\Program Files\Java\jre1.8.0_181\lib\charsets.jar;C:\Program Files\Java\jre1.8.0_181\lib\jfr.jar;C:\Program Files\Java\jre1.8.0_181\lib\ext\access-bridge-64.jar;C:\Program Files\Java\jre1.8.0_181\lib\ext\cldrdata.jar;C:\Program Files\Java\jre1.8.0_181\lib\ext\dnsns.jar;C:\Program Files\Java\jre1.8.0_181\lib\ext\jaccess.jar;C:\Program Files\Java\jre1.8.0_181\lib\ext\jfxrt.jar;C:\Program Files\Java\jre1.8.0_181\lib\ext\localedata.jar;C:\Program Files\Java\jre1.8.0_181\lib\ext\nashorn.jar;C:\Program Files\Java\jre1.8.0_181\lib\ext\sunec.jar;C:\Program Files\Java\jre1.8.0_181\lib\ext\sunjce_provider.jar;C:\Program Files\Java\jre1.8.0_181\lib\ext\sunmscapi.jar;C:\Program Files\Java\jre1.8.0_181\lib\ext\sunpkcs11.jar;C:\Program Files\Java\jre1.8.0_181\lib\ext\zipfs.jar;C:\Users\shado\eclipse-workspace\Gestion_Travaux\target\classes;C:\Users\shado\eclipse-workspace\Gestion_Travaux\jgoodies-forms-1.8.0.jar;C:\Users\shado\Desktop\mysql-connector-java-8.0.13.jar;C:\Users\shado\eclipse-workspace\Gestion_Travaux\lib\mysql-connector-java-8.0.13.jar
Launcher Type: SUN_STANDARD

Environment Variables:
JAVA_HOME=C:\Program Files\Java\jdk1.8.0_181
PATH=C:/Program Files/Java/jre1.8.0_181/bin/server;C:/Program Files/Java/jre1.8.0_181/bin;C:/Program Files/Java/jre1.8.0_181/lib/amd64;C:\Program Files (x86)\Common Files\Oracle\Java\javapath;C:\WINDOWS\system32;C:\WINDOWS;C:\WINDOWS\System32\Wbem;C:\WINDOWS\System32\WindowsPowerShell\v1.0\;C:\WINDOWS\System32\OpenSSH\;C:\Program Files (x86)\GtkSharp\2.12\bin;C:\Program Files\dotnet\;C:\Program Files\Microsoft SQL Server\130\Tools\Binn\;C:\Users\shado\AppData\Local\Microsoft\WindowsApps;C:\Users\shado\eclipse-workspace\apache-maven-3.5.4\bin;C:\Users\shado\AppData\Local\GitHubDesktop\bin;C:\Users\shado\Desktop;
USERNAME=shado
OS=Windows_NT
PROCESSOR_IDENTIFIER=AMD64 Family 21 Model 112 Stepping 0, AuthenticAMD



---------------  S Y S T E M  ---------------

OS: Windows 10.0 , 64 bit Build 17134 (10.0.17134.1)

CPU:total 2 (initial active 2) (2 cores per cpu, 1 threads per core) family 21 model 112 stepping 0, cmov, cx8, fxsr, mmx, sse, sse2, sse3, ssse3, sse4.1, sse4.2, popcnt, avx, avx2, aes, clmul, mmxext, 3dnowpref, lzcnt, sse4a, tsc, tscinvbit, tscinv, bmi1

Memory: 4k page, physical 4077240k(301240k free), swap 16660152k(8k free)

vm_info: Java HotSpot(TM) 64-Bit Server VM (25.181-b13) for windows-amd64 JRE (1.8.0_181-b13), built on Jul  7 2018 04:01:33 by "java_re" with MS VC++ 10.0 (VS2010)

time: Mon Dec 17 12:00:17 2018
elapsed time: 2 seconds (0d 0h 0m 2s)

